This file contains any messages produced by compilers while
running configure, to aid debugging if configure makes a mistake.

It was created by wangyonglin configure 1.0, which was
generated by GNU Autoconf 2.69.  Invocation command line was

  $ ./configure --prefix=/usr/local/wangyonglin --no-create --no-recursion

## --------- ##
## Platform. ##
## --------- ##

hostname = localhost.localdomain
uname -m = x86_64
uname -r = 4.18.0-305.3.1.el8.x86_64
uname -s = Linux
uname -v = #1 SMP Tue Jun 1 16:14:33 UTC 2021

/usr/bin/uname -p = x86_64
/bin/uname -X     = unknown

/bin/arch              = x86_64
/usr/bin/arch -k       = unknown
/usr/convex/getsysinfo = unknown
/usr/bin/hostinfo      = unknown
/bin/machine           = unknown
/usr/bin/oslevel       = unknown
/bin/universe          = unknown

PATH: /root/.vscode-server/bin/c3f126316369cd610563c75b1b1725e0679adfb3/bin
PATH: /root/esp/xtensa-lx106-elf/bin
PATH: /root/.vscode-server/bin/c3f126316369cd610563c75b1b1725e0679adfb3/bin
PATH: /root/esp/xtensa-lx106-elf/bin
PATH: /usr/local/sbin
PATH: /usr/local/bin
PATH: /usr/sbin
PATH: /usr/bin
PATH: /root/bin
PATH: /root/bin


## ----------- ##
## Core tests. ##
## ----------- ##

configure:2443: checking for a BSD-compatible install
configure:2511: result: /usr/bin/install -c
configure:2522: checking whether build environment is sane
configure:2577: result: yes
configure:2728: checking for a thread-safe mkdir -p
configure:2767: result: /usr/bin/mkdir -p
configure:2774: checking for gawk
configure:2790: found /usr/bin/gawk
configure:2801: result: gawk
configure:2812: checking whether make sets $(MAKE)
configure:2834: result: yes
configure:2863: checking whether make supports nested variables
configure:2880: result: yes
configure:3059: checking for gcc
configure:3075: found /usr/bin/gcc
configure:3086: result: gcc
configure:3315: checking for C compiler version
configure:3324: gcc --version >&5
gcc (GCC) 8.4.1 20200928 (Red Hat 8.4.1-1)
Copyright (C) 2018 Free Software Foundation, Inc.
This is free software; see the source for copying conditions.  There is NO
warranty; not even for MERCHANTABILITY or FITNESS FOR A PARTICULAR PURPOSE.

configure:3335: $? = 0
configure:3324: gcc -v >&5
Using built-in specs.
COLLECT_GCC=gcc
COLLECT_LTO_WRAPPER=/usr/libexec/gcc/x86_64-redhat-linux/8/lto-wrapper
OFFLOAD_TARGET_NAMES=nvptx-none
OFFLOAD_TARGET_DEFAULT=1
Target: x86_64-redhat-linux
Configured with: ../configure --enable-bootstrap --enable-languages=c,c++,fortran,lto --prefix=/usr --mandir=/usr/share/man --infodir=/usr/share/info --with-bugurl=http://bugzilla.redhat.com/bugzilla --enable-shared --enable-threads=posix --enable-checking=release --enable-multilib --with-system-zlib --enable-__cxa_atexit --disable-libunwind-exceptions --enable-gnu-unique-object --enable-linker-build-id --with-gcc-major-version-only --with-linker-hash-style=gnu --enable-plugin --enable-initfini-array --with-isl --disable-libmpx --enable-offload-targets=nvptx-none --without-cuda-driver --enable-gnu-indirect-function --enable-cet --with-tune=generic --with-arch_32=x86-64 --build=x86_64-redhat-linux
Thread model: posix
gcc version 8.4.1 20200928 (Red Hat 8.4.1-1) (GCC) 
configure:3335: $? = 0
configure:3324: gcc -V >&5
gcc: error: unrecognized command line option '-V'
gcc: fatal error: no input files
compilation terminated.
configure:3335: $? = 1
configure:3324: gcc -qversion >&5
gcc: error: unrecognized command line option '-qversion'; did you mean '--version'?
gcc: fatal error: no input files
compilation terminated.
configure:3335: $? = 1
configure:3355: checking whether the C compiler works
configure:3377: gcc    conftest.c  >&5
configure:3381: $? = 0
configure:3429: result: yes
configure:3432: checking for C compiler default output file name
configure:3434: result: a.out
configure:3440: checking for suffix of executables
configure:3447: gcc -o conftest    conftest.c  >&5
configure:3451: $? = 0
configure:3473: result: 
configure:3495: checking whether we are cross compiling
configure:3503: gcc -o conftest    conftest.c  >&5
configure:3507: $? = 0
configure:3514: ./conftest
configure:3518: $? = 0
configure:3533: result: no
configure:3538: checking for suffix of object files
configure:3560: gcc -c   conftest.c >&5
configure:3564: $? = 0
configure:3585: result: o
configure:3589: checking whether we are using the GNU C compiler
configure:3608: gcc -c   conftest.c >&5
configure:3608: $? = 0
configure:3617: result: yes
configure:3626: checking whether gcc accepts -g
configure:3646: gcc -c -g  conftest.c >&5
configure:3646: $? = 0
configure:3687: result: yes
configure:3704: checking for gcc option to accept ISO C89
configure:3767: gcc  -c -g -O2  conftest.c >&5
configure:3767: $? = 0
configure:3780: result: none needed
configure:3805: checking whether gcc understands -c and -o together
configure:3827: gcc -c conftest.c -o conftest2.o
configure:3830: $? = 0
configure:3827: gcc -c conftest.c -o conftest2.o
configure:3830: $? = 0
configure:3842: result: yes
configure:3862: checking whether make supports the include directive
configure:3877: make -f confmf.GNU && cat confinc.out
make[1]: Entering directory '/home/wangyonglin/Github/wangyonglin'
make[1]: Leaving directory '/home/wangyonglin/Github/wangyonglin'
this is the am__doit target
configure:3880: $? = 0
configure:3899: result: yes (GNU style)
configure:3924: checking dependency style of gcc
configure:4035: result: gcc3
configure:4080: checking build system type
configure:4094: result: x86_64-pc-linux-gnu
configure:4114: checking host system type
configure:4127: result: x86_64-pc-linux-gnu
configure:4168: checking how to print strings
configure:4195: result: printf
configure:4216: checking for a sed that does not truncate output
configure:4280: result: /usr/bin/sed
configure:4298: checking for grep that handles long lines and -e
configure:4356: result: /usr/bin/grep
configure:4361: checking for egrep
configure:4423: result: /usr/bin/grep -E
configure:4428: checking for fgrep
configure:4490: result: /usr/bin/grep -F
configure:4525: checking for ld used by gcc
configure:4592: result: /usr/bin/ld
configure:4599: checking if the linker (/usr/bin/ld) is GNU ld
configure:4614: result: yes
configure:4626: checking for BSD- or MS-compatible name lister (nm)
configure:4680: result: /usr/bin/nm -B
configure:4810: checking the name lister (/usr/bin/nm -B) interface
configure:4817: gcc -c -g -O2  conftest.c >&5
configure:4820: /usr/bin/nm -B "conftest.o"
configure:4823: output
0000000000000000 B some_variable
configure:4830: result: BSD nm
configure:4833: checking whether ln -s works
configure:4837: result: yes
configure:4845: checking the maximum length of command line arguments
configure:4976: result: 1572864
configure:5024: checking how to convert x86_64-pc-linux-gnu file names to x86_64-pc-linux-gnu format
configure:5064: result: func_convert_file_noop
configure:5071: checking how to convert x86_64-pc-linux-gnu file names to toolchain format
configure:5091: result: func_convert_file_noop
configure:5098: checking for /usr/bin/ld option to reload object files
configure:5105: result: -r
configure:5179: checking for objdump
configure:5195: found /usr/bin/objdump
configure:5206: result: objdump
configure:5238: checking how to recognize dependent libraries
configure:5438: result: pass_all
configure:5523: checking for dlltool
configure:5553: result: no
configure:5583: checking how to associate runtime and link libraries
configure:5610: result: printf %s\n
configure:5671: checking for ar
configure:5687: found /usr/bin/ar
configure:5698: result: ar
configure:5735: checking for archiver @FILE support
configure:5752: gcc -c -g -O2  conftest.c >&5
configure:5752: $? = 0
configure:5755: ar cru libconftest.a @conftest.lst >&5
configure:5758: $? = 0
configure:5763: ar cru libconftest.a @conftest.lst >&5
ar: conftest.o: No such file or directory
configure:5766: $? = 1
configure:5778: result: @
configure:5836: checking for strip
configure:5852: found /usr/bin/strip
configure:5863: result: strip
configure:5935: checking for ranlib
configure:5951: found /usr/bin/ranlib
configure:5962: result: ranlib
configure:6064: checking command to parse /usr/bin/nm -B output from gcc object
configure:6217: gcc -c -g -O2  conftest.c >&5
configure:6220: $? = 0
configure:6224: /usr/bin/nm -B conftest.o \| sed -n -e 's/^.*[ ]\([ABCDGIRSTW][ABCDGIRSTW]*\)[ ][ ]*\([_A-Za-z][_A-Za-z0-9]*\)$/\1 \2 \2/p' | sed '/ __gnu_lto/d' \> conftest.nm
configure:6227: $? = 0
configure:6293: gcc -o conftest -g -O2   conftest.c conftstm.o >&5
configure:6296: $? = 0
configure:6334: result: ok
configure:6381: checking for sysroot
configure:6411: result: no
configure:6418: checking for a working dd
configure:6456: result: /usr/bin/dd
configure:6460: checking how to truncate binary pipes
configure:6475: result: /usr/bin/dd bs=4096 count=1
configure:6611: gcc -c -g -O2  conftest.c >&5
configure:6614: $? = 0
configure:6804: checking for mt
configure:6834: result: no
configure:6854: checking if : is a manifest tool
configure:6860: : '-?'
configure:6868: result: no
configure:7545: checking how to run the C preprocessor
configure:7576: gcc -E  conftest.c
configure:7576: $? = 0
configure:7590: gcc -E  conftest.c
conftest.c:11:10: fatal error: ac_nonexistent.h: No such file or directory
 #include <ac_nonexistent.h>
          ^~~~~~~~~~~~~~~~~~
compilation terminated.
configure:7590: $? = 1
configure: failed program was:
| /* confdefs.h */
| #define PACKAGE_NAME "wangyonglin"
| #define PACKAGE_TARNAME "wangyonglin"
| #define PACKAGE_VERSION "1.0"
| #define PACKAGE_STRING "wangyonglin 1.0"
| #define PACKAGE_BUGREPORT "admin@wangyonglin.com"
| #define PACKAGE_URL ""
| #define PACKAGE "wangyonglin"
| #define VERSION "1.0"
| /* end confdefs.h.  */
| #include <ac_nonexistent.h>
configure:7615: result: gcc -E
configure:7635: gcc -E  conftest.c
configure:7635: $? = 0
configure:7649: gcc -E  conftest.c
conftest.c:11:10: fatal error: ac_nonexistent.h: No such file or directory
 #include <ac_nonexistent.h>
          ^~~~~~~~~~~~~~~~~~
compilation terminated.
configure:7649: $? = 1
configure: failed program was:
| /* confdefs.h */
| #define PACKAGE_NAME "wangyonglin"
| #define PACKAGE_TARNAME "wangyonglin"
| #define PACKAGE_VERSION "1.0"
| #define PACKAGE_STRING "wangyonglin 1.0"
| #define PACKAGE_BUGREPORT "admin@wangyonglin.com"
| #define PACKAGE_URL ""
| #define PACKAGE "wangyonglin"
| #define VERSION "1.0"
| /* end confdefs.h.  */
| #include <ac_nonexistent.h>
configure:7678: checking for ANSI C header files
configure:7698: gcc -c -g -O2  conftest.c >&5
configure:7698: $? = 0
configure:7771: gcc -o conftest -g -O2   conftest.c  >&5
configure:7771: $? = 0
configure:7771: ./conftest
configure:7771: $? = 0
configure:7782: result: yes
configure:7795: checking for sys/types.h
configure:7795: gcc -c -g -O2  conftest.c >&5
configure:7795: $? = 0
configure:7795: result: yes
configure:7795: checking for sys/stat.h
configure:7795: gcc -c -g -O2  conftest.c >&5
configure:7795: $? = 0
configure:7795: result: yes
configure:7795: checking for stdlib.h
configure:7795: gcc -c -g -O2  conftest.c >&5
configure:7795: $? = 0
configure:7795: result: yes
configure:7795: checking for string.h
configure:7795: gcc -c -g -O2  conftest.c >&5
configure:7795: $? = 0
configure:7795: result: yes
configure:7795: checking for memory.h
configure:7795: gcc -c -g -O2  conftest.c >&5
configure:7795: $? = 0
configure:7795: result: yes
configure:7795: checking for strings.h
configure:7795: gcc -c -g -O2  conftest.c >&5
configure:7795: $? = 0
configure:7795: result: yes
configure:7795: checking for inttypes.h
configure:7795: gcc -c -g -O2  conftest.c >&5
configure:7795: $? = 0
configure:7795: result: yes
configure:7795: checking for stdint.h
configure:7795: gcc -c -g -O2  conftest.c >&5
configure:7795: $? = 0
configure:7795: result: yes
configure:7795: checking for unistd.h
configure:7795: gcc -c -g -O2  conftest.c >&5
configure:7795: $? = 0
configure:7795: result: yes
configure:7809: checking for dlfcn.h
configure:7809: gcc -c -g -O2  conftest.c >&5
configure:7809: $? = 0
configure:7809: result: yes
configure:8065: checking for objdir
configure:8080: result: .libs
configure:8340: checking if gcc supports -fno-rtti -fno-exceptions
configure:8358: gcc -c -g -O2  -fno-rtti -fno-exceptions conftest.c >&5
cc1: warning: command line option '-fno-rtti' is valid for C++/ObjC++ but not for C
configure:8362: $? = 0
configure:8375: result: no
configure:8733: checking for gcc option to produce PIC
configure:8740: result: -fPIC -DPIC
configure:8748: checking if gcc PIC flag -fPIC -DPIC works
configure:8766: gcc -c -g -O2  -fPIC -DPIC -DPIC conftest.c >&5
configure:8770: $? = 0
configure:8783: result: yes
configure:8812: checking if gcc static flag -static works
configure:8840: result: no
configure:8855: checking if gcc supports -c -o file.o
configure:8876: gcc -c -g -O2  -o out/conftest2.o conftest.c >&5
configure:8880: $? = 0
configure:8902: result: yes
configure:8910: checking if gcc supports -c -o file.o
configure:8957: result: yes
configure:8990: checking whether the gcc linker (/usr/bin/ld -m elf_x86_64) supports shared libraries
configure:10249: result: yes
configure:10286: checking whether -lc should be explicitly linked in
configure:10294: gcc -c -g -O2  conftest.c >&5
configure:10297: $? = 0
configure:10312: gcc -shared  -fPIC -DPIC conftest.o  -v -Wl,-soname -Wl,conftest -o conftest 2\>\&1 \| /usr/bin/grep  -lc  \>/dev/null 2\>\&1
configure:10315: $? = 0
configure:10329: result: no
configure:10489: checking dynamic linker characteristics
configure:11070: gcc -o conftest -g -O2   -Wl,-rpath -Wl,/foo conftest.c  >&5
configure:11070: $? = 0
configure:11310: result: GNU/Linux ld.so
configure:11432: checking how to hardcode library paths into programs
configure:11457: result: immediate
configure:12005: checking whether stripping libraries is possible
configure:12010: result: yes
configure:12045: checking if libtool supports shared libraries
configure:12047: result: yes
configure:12050: checking whether to build shared libraries
configure:12075: result: yes
configure:12078: checking whether to build static libraries
configure:12082: result: yes
configure:12125: checking arpa/inet.h usability
configure:12125: gcc -c -g -O2  conftest.c >&5
configure:12125: $? = 0
configure:12125: result: yes
configure:12125: checking arpa/inet.h presence
configure:12125: gcc -E  conftest.c
configure:12125: $? = 0
configure:12125: result: yes
configure:12125: checking for arpa/inet.h
configure:12125: result: yes
configure:12125: checking fcntl.h usability
configure:12125: gcc -c -g -O2  conftest.c >&5
configure:12125: $? = 0
configure:12125: result: yes
configure:12125: checking fcntl.h presence
configure:12125: gcc -E  conftest.c
configure:12125: $? = 0
configure:12125: result: yes
configure:12125: checking for fcntl.h
configure:12125: result: yes
configure:12125: checking float.h usability
configure:12125: gcc -c -g -O2  conftest.c >&5
configure:12125: $? = 0
configure:12125: result: yes
configure:12125: checking float.h presence
configure:12125: gcc -E  conftest.c
configure:12125: $? = 0
configure:12125: result: yes
configure:12125: checking for float.h
configure:12125: result: yes
configure:12125: checking limits.h usability
configure:12125: gcc -c -g -O2  conftest.c >&5
configure:12125: $? = 0
configure:12125: result: yes
configure:12125: checking limits.h presence
configure:12125: gcc -E  conftest.c
configure:12125: $? = 0
configure:12125: result: yes
configure:12125: checking for limits.h
configure:12125: result: yes
configure:12125: checking netdb.h usability
configure:12125: gcc -c -g -O2  conftest.c >&5
configure:12125: $? = 0
configure:12125: result: yes
configure:12125: checking netdb.h presence
configure:12125: gcc -E  conftest.c
configure:12125: $? = 0
configure:12125: result: yes
configure:12125: checking for netdb.h
configure:12125: result: yes
configure:12125: checking netinet/in.h usability
configure:12125: gcc -c -g -O2  conftest.c >&5
configure:12125: $? = 0
configure:12125: result: yes
configure:12125: checking netinet/in.h presence
configure:12125: gcc -E  conftest.c
configure:12125: $? = 0
configure:12125: result: yes
configure:12125: checking for netinet/in.h
configure:12125: result: yes
configure:12125: checking stddef.h usability
configure:12125: gcc -c -g -O2  conftest.c >&5
configure:12125: $? = 0
configure:12125: result: yes
configure:12125: checking stddef.h presence
configure:12125: gcc -E  conftest.c
configure:12125: $? = 0
configure:12125: result: yes
configure:12125: checking for stddef.h
configure:12125: result: yes
configure:12125: checking for stdint.h
configure:12125: result: yes
configure:12125: checking for stdlib.h
configure:12125: result: yes
configure:12125: checking for string.h
configure:12125: result: yes
configure:12125: checking sys/ioctl.h usability
configure:12125: gcc -c -g -O2  conftest.c >&5
configure:12125: $? = 0
configure:12125: result: yes
configure:12125: checking sys/ioctl.h presence
configure:12125: gcc -E  conftest.c
configure:12125: $? = 0
configure:12125: result: yes
configure:12125: checking for sys/ioctl.h
configure:12125: result: yes
configure:12125: checking sys/socket.h usability
configure:12125: gcc -c -g -O2  conftest.c >&5
configure:12125: $? = 0
configure:12125: result: yes
configure:12125: checking sys/socket.h presence
configure:12125: gcc -E  conftest.c
configure:12125: $? = 0
configure:12125: result: yes
configure:12125: checking for sys/socket.h
configure:12125: result: yes
configure:12125: checking sys/time.h usability
configure:12125: gcc -c -g -O2  conftest.c >&5
configure:12125: $? = 0
configure:12125: result: yes
configure:12125: checking sys/time.h presence
configure:12125: gcc -E  conftest.c
configure:12125: $? = 0
configure:12125: result: yes
configure:12125: checking for sys/time.h
configure:12125: result: yes
configure:12125: checking for unistd.h
configure:12125: result: yes
configure:12137: checking for stdbool.h that conforms to C99
configure:12204: gcc -c -g -O2  conftest.c >&5
configure:12204: $? = 0
configure:12211: result: yes
configure:12213: checking for _Bool
configure:12213: gcc -c -g -O2  conftest.c >&5
configure:12213: $? = 0
configure:12213: gcc -c -g -O2  conftest.c >&5
conftest.c: In function 'main':
conftest.c:73:20: error: expected expression before ')' token
 if (sizeof ((_Bool)))
                    ^
configure:12213: $? = 1
configure: failed program was:
| /* confdefs.h */
| #define PACKAGE_NAME "wangyonglin"
| #define PACKAGE_TARNAME "wangyonglin"
| #define PACKAGE_VERSION "1.0"
| #define PACKAGE_STRING "wangyonglin 1.0"
| #define PACKAGE_BUGREPORT "admin@wangyonglin.com"
| #define PACKAGE_URL ""
| #define PACKAGE "wangyonglin"
| #define VERSION "1.0"
| #define STDC_HEADERS 1
| #define HAVE_SYS_TYPES_H 1
| #define HAVE_SYS_STAT_H 1
| #define HAVE_STDLIB_H 1
| #define HAVE_STRING_H 1
| #define HAVE_MEMORY_H 1
| #define HAVE_STRINGS_H 1
| #define HAVE_INTTYPES_H 1
| #define HAVE_STDINT_H 1
| #define HAVE_UNISTD_H 1
| #define HAVE_DLFCN_H 1
| #define LT_OBJDIR ".libs/"
| #define HAVE_ARPA_INET_H 1
| #define HAVE_FCNTL_H 1
| #define HAVE_FLOAT_H 1
| #define HAVE_LIMITS_H 1
| #define HAVE_NETDB_H 1
| #define HAVE_NETINET_IN_H 1
| #define HAVE_STDDEF_H 1
| #define HAVE_STDINT_H 1
| #define HAVE_STDLIB_H 1
| #define HAVE_STRING_H 1
| #define HAVE_SYS_IOCTL_H 1
| #define HAVE_SYS_SOCKET_H 1
| #define HAVE_SYS_TIME_H 1
| #define HAVE_UNISTD_H 1
| /* end confdefs.h.  */
| #include <stdio.h>
| #ifdef HAVE_SYS_TYPES_H
| # include <sys/types.h>
| #endif
| #ifdef HAVE_SYS_STAT_H
| # include <sys/stat.h>
| #endif
| #ifdef STDC_HEADERS
| # include <stdlib.h>
| # include <stddef.h>
| #else
| # ifdef HAVE_STDLIB_H
| #  include <stdlib.h>
| # endif
| #endif
| #ifdef HAVE_STRING_H
| # if !defined STDC_HEADERS && defined HAVE_MEMORY_H
| #  include <memory.h>
| # endif
| # include <string.h>
| #endif
| #ifdef HAVE_STRINGS_H
| # include <strings.h>
| #endif
| #ifdef HAVE_INTTYPES_H
| # include <inttypes.h>
| #endif
| #ifdef HAVE_STDINT_H
| # include <stdint.h>
| #endif
| #ifdef HAVE_UNISTD_H
| # include <unistd.h>
| #endif
| int
| main ()
| {
| if (sizeof ((_Bool)))
| 	    return 0;
|   ;
|   return 0;
| }
configure:12213: result: yes
configure:12224: checking for inline
configure:12240: gcc -c -g -O2  conftest.c >&5
configure:12240: $? = 0
configure:12248: result: inline
configure:12266: checking for int64_t
configure:12266: gcc -c -g -O2  conftest.c >&5
configure:12266: $? = 0
configure:12266: gcc -c -g -O2  conftest.c >&5
conftest.c: In function 'main':
conftest.c:76:53: warning: integer overflow in expression of type 'long int' results in '-9223372036854775808' [-Woverflow]
    < (int64_t) (((((int64_t) 1 << N) << N) - 1) * 2 + 2))];
                                                     ^
conftest.c:75:12: error: storage size of 'test_array' isn't constant
 static int test_array [1 - 2 * !((int64_t) (((((int64_t) 1 << N) << N) - 1) * 2 + 1)
            ^~~~~~~~~~
configure:12266: $? = 1
configure: failed program was:
| /* confdefs.h */
| #define PACKAGE_NAME "wangyonglin"
| #define PACKAGE_TARNAME "wangyonglin"
| #define PACKAGE_VERSION "1.0"
| #define PACKAGE_STRING "wangyonglin 1.0"
| #define PACKAGE_BUGREPORT "admin@wangyonglin.com"
| #define PACKAGE_URL ""
| #define PACKAGE "wangyonglin"
| #define VERSION "1.0"
| #define STDC_HEADERS 1
| #define HAVE_SYS_TYPES_H 1
| #define HAVE_SYS_STAT_H 1
| #define HAVE_STDLIB_H 1
| #define HAVE_STRING_H 1
| #define HAVE_MEMORY_H 1
| #define HAVE_STRINGS_H 1
| #define HAVE_INTTYPES_H 1
| #define HAVE_STDINT_H 1
| #define HAVE_UNISTD_H 1
| #define HAVE_DLFCN_H 1
| #define LT_OBJDIR ".libs/"
| #define HAVE_ARPA_INET_H 1
| #define HAVE_FCNTL_H 1
| #define HAVE_FLOAT_H 1
| #define HAVE_LIMITS_H 1
| #define HAVE_NETDB_H 1
| #define HAVE_NETINET_IN_H 1
| #define HAVE_STDDEF_H 1
| #define HAVE_STDINT_H 1
| #define HAVE_STDLIB_H 1
| #define HAVE_STRING_H 1
| #define HAVE_SYS_IOCTL_H 1
| #define HAVE_SYS_SOCKET_H 1
| #define HAVE_SYS_TIME_H 1
| #define HAVE_UNISTD_H 1
| #define HAVE__BOOL 1
| /* end confdefs.h.  */
| #include <stdio.h>
| #ifdef HAVE_SYS_TYPES_H
| # include <sys/types.h>
| #endif
| #ifdef HAVE_SYS_STAT_H
| # include <sys/stat.h>
| #endif
| #ifdef STDC_HEADERS
| # include <stdlib.h>
| # include <stddef.h>
| #else
| # ifdef HAVE_STDLIB_H
| #  include <stdlib.h>
| # endif
| #endif
| #ifdef HAVE_STRING_H
| # if !defined STDC_HEADERS && defined HAVE_MEMORY_H
| #  include <memory.h>
| # endif
| # include <string.h>
| #endif
| #ifdef HAVE_STRINGS_H
| # include <strings.h>
| #endif
| #ifdef HAVE_INTTYPES_H
| # include <inttypes.h>
| #endif
| #ifdef HAVE_STDINT_H
| # include <stdint.h>
| #endif
| #ifdef HAVE_UNISTD_H
| # include <unistd.h>
| #endif
| 	        enum { N = 64 / 2 - 1 };
| int
| main ()
| {
| static int test_array [1 - 2 * !((int64_t) (((((int64_t) 1 << N) << N) - 1) * 2 + 1)
| 		 < (int64_t) (((((int64_t) 1 << N) << N) - 1) * 2 + 2))];
| test_array [0] = 0;
| return test_array [0];
| 
|   ;
|   return 0;
| }
configure:12266: result: yes
configure:12277: checking for pid_t
configure:12277: gcc -c -g -O2  conftest.c >&5
configure:12277: $? = 0
configure:12277: gcc -c -g -O2  conftest.c >&5
conftest.c: In function 'main':
conftest.c:74:20: error: expected expression before ')' token
 if (sizeof ((pid_t)))
                    ^
configure:12277: $? = 1
configure: failed program was:
| /* confdefs.h */
| #define PACKAGE_NAME "wangyonglin"
| #define PACKAGE_TARNAME "wangyonglin"
| #define PACKAGE_VERSION "1.0"
| #define PACKAGE_STRING "wangyonglin 1.0"
| #define PACKAGE_BUGREPORT "admin@wangyonglin.com"
| #define PACKAGE_URL ""
| #define PACKAGE "wangyonglin"
| #define VERSION "1.0"
| #define STDC_HEADERS 1
| #define HAVE_SYS_TYPES_H 1
| #define HAVE_SYS_STAT_H 1
| #define HAVE_STDLIB_H 1
| #define HAVE_STRING_H 1
| #define HAVE_MEMORY_H 1
| #define HAVE_STRINGS_H 1
| #define HAVE_INTTYPES_H 1
| #define HAVE_STDINT_H 1
| #define HAVE_UNISTD_H 1
| #define HAVE_DLFCN_H 1
| #define LT_OBJDIR ".libs/"
| #define HAVE_ARPA_INET_H 1
| #define HAVE_FCNTL_H 1
| #define HAVE_FLOAT_H 1
| #define HAVE_LIMITS_H 1
| #define HAVE_NETDB_H 1
| #define HAVE_NETINET_IN_H 1
| #define HAVE_STDDEF_H 1
| #define HAVE_STDINT_H 1
| #define HAVE_STDLIB_H 1
| #define HAVE_STRING_H 1
| #define HAVE_SYS_IOCTL_H 1
| #define HAVE_SYS_SOCKET_H 1
| #define HAVE_SYS_TIME_H 1
| #define HAVE_UNISTD_H 1
| #define HAVE__BOOL 1
| /* end confdefs.h.  */
| #include <stdio.h>
| #ifdef HAVE_SYS_TYPES_H
| # include <sys/types.h>
| #endif
| #ifdef HAVE_SYS_STAT_H
| # include <sys/stat.h>
| #endif
| #ifdef STDC_HEADERS
| # include <stdlib.h>
| # include <stddef.h>
| #else
| # ifdef HAVE_STDLIB_H
| #  include <stdlib.h>
| # endif
| #endif
| #ifdef HAVE_STRING_H
| # if !defined STDC_HEADERS && defined HAVE_MEMORY_H
| #  include <memory.h>
| # endif
| # include <string.h>
| #endif
| #ifdef HAVE_STRINGS_H
| # include <strings.h>
| #endif
| #ifdef HAVE_INTTYPES_H
| # include <inttypes.h>
| #endif
| #ifdef HAVE_STDINT_H
| # include <stdint.h>
| #endif
| #ifdef HAVE_UNISTD_H
| # include <unistd.h>
| #endif
| int
| main ()
| {
| if (sizeof ((pid_t)))
| 	    return 0;
|   ;
|   return 0;
| }
configure:12277: result: yes
configure:12288: checking for size_t
configure:12288: gcc -c -g -O2  conftest.c >&5
configure:12288: $? = 0
configure:12288: gcc -c -g -O2  conftest.c >&5
conftest.c: In function 'main':
conftest.c:74:21: error: expected expression before ')' token
 if (sizeof ((size_t)))
                     ^
configure:12288: $? = 1
configure: failed program was:
| /* confdefs.h */
| #define PACKAGE_NAME "wangyonglin"
| #define PACKAGE_TARNAME "wangyonglin"
| #define PACKAGE_VERSION "1.0"
| #define PACKAGE_STRING "wangyonglin 1.0"
| #define PACKAGE_BUGREPORT "admin@wangyonglin.com"
| #define PACKAGE_URL ""
| #define PACKAGE "wangyonglin"
| #define VERSION "1.0"
| #define STDC_HEADERS 1
| #define HAVE_SYS_TYPES_H 1
| #define HAVE_SYS_STAT_H 1
| #define HAVE_STDLIB_H 1
| #define HAVE_STRING_H 1
| #define HAVE_MEMORY_H 1
| #define HAVE_STRINGS_H 1
| #define HAVE_INTTYPES_H 1
| #define HAVE_STDINT_H 1
| #define HAVE_UNISTD_H 1
| #define HAVE_DLFCN_H 1
| #define LT_OBJDIR ".libs/"
| #define HAVE_ARPA_INET_H 1
| #define HAVE_FCNTL_H 1
| #define HAVE_FLOAT_H 1
| #define HAVE_LIMITS_H 1
| #define HAVE_NETDB_H 1
| #define HAVE_NETINET_IN_H 1
| #define HAVE_STDDEF_H 1
| #define HAVE_STDINT_H 1
| #define HAVE_STDLIB_H 1
| #define HAVE_STRING_H 1
| #define HAVE_SYS_IOCTL_H 1
| #define HAVE_SYS_SOCKET_H 1
| #define HAVE_SYS_TIME_H 1
| #define HAVE_UNISTD_H 1
| #define HAVE__BOOL 1
| /* end confdefs.h.  */
| #include <stdio.h>
| #ifdef HAVE_SYS_TYPES_H
| # include <sys/types.h>
| #endif
| #ifdef HAVE_SYS_STAT_H
| # include <sys/stat.h>
| #endif
| #ifdef STDC_HEADERS
| # include <stdlib.h>
| # include <stddef.h>
| #else
| # ifdef HAVE_STDLIB_H
| #  include <stdlib.h>
| # endif
| #endif
| #ifdef HAVE_STRING_H
| # if !defined STDC_HEADERS && defined HAVE_MEMORY_H
| #  include <memory.h>
| # endif
| # include <string.h>
| #endif
| #ifdef HAVE_STRINGS_H
| # include <strings.h>
| #endif
| #ifdef HAVE_INTTYPES_H
| # include <inttypes.h>
| #endif
| #ifdef HAVE_STDINT_H
| # include <stdint.h>
| #endif
| #ifdef HAVE_UNISTD_H
| # include <unistd.h>
| #endif
| int
| main ()
| {
| if (sizeof ((size_t)))
| 	    return 0;
|   ;
|   return 0;
| }
configure:12288: result: yes
configure:12299: checking for ssize_t
configure:12299: gcc -c -g -O2  conftest.c >&5
configure:12299: $? = 0
configure:12299: gcc -c -g -O2  conftest.c >&5
conftest.c: In function 'main':
conftest.c:74:22: error: expected expression before ')' token
 if (sizeof ((ssize_t)))
                      ^
configure:12299: $? = 1
configure: failed program was:
| /* confdefs.h */
| #define PACKAGE_NAME "wangyonglin"
| #define PACKAGE_TARNAME "wangyonglin"
| #define PACKAGE_VERSION "1.0"
| #define PACKAGE_STRING "wangyonglin 1.0"
| #define PACKAGE_BUGREPORT "admin@wangyonglin.com"
| #define PACKAGE_URL ""
| #define PACKAGE "wangyonglin"
| #define VERSION "1.0"
| #define STDC_HEADERS 1
| #define HAVE_SYS_TYPES_H 1
| #define HAVE_SYS_STAT_H 1
| #define HAVE_STDLIB_H 1
| #define HAVE_STRING_H 1
| #define HAVE_MEMORY_H 1
| #define HAVE_STRINGS_H 1
| #define HAVE_INTTYPES_H 1
| #define HAVE_STDINT_H 1
| #define HAVE_UNISTD_H 1
| #define HAVE_DLFCN_H 1
| #define LT_OBJDIR ".libs/"
| #define HAVE_ARPA_INET_H 1
| #define HAVE_FCNTL_H 1
| #define HAVE_FLOAT_H 1
| #define HAVE_LIMITS_H 1
| #define HAVE_NETDB_H 1
| #define HAVE_NETINET_IN_H 1
| #define HAVE_STDDEF_H 1
| #define HAVE_STDINT_H 1
| #define HAVE_STDLIB_H 1
| #define HAVE_STRING_H 1
| #define HAVE_SYS_IOCTL_H 1
| #define HAVE_SYS_SOCKET_H 1
| #define HAVE_SYS_TIME_H 1
| #define HAVE_UNISTD_H 1
| #define HAVE__BOOL 1
| /* end confdefs.h.  */
| #include <stdio.h>
| #ifdef HAVE_SYS_TYPES_H
| # include <sys/types.h>
| #endif
| #ifdef HAVE_SYS_STAT_H
| # include <sys/stat.h>
| #endif
| #ifdef STDC_HEADERS
| # include <stdlib.h>
| # include <stddef.h>
| #else
| # ifdef HAVE_STDLIB_H
| #  include <stdlib.h>
| # endif
| #endif
| #ifdef HAVE_STRING_H
| # if !defined STDC_HEADERS && defined HAVE_MEMORY_H
| #  include <memory.h>
| # endif
| # include <string.h>
| #endif
| #ifdef HAVE_STRINGS_H
| # include <strings.h>
| #endif
| #ifdef HAVE_INTTYPES_H
| # include <inttypes.h>
| #endif
| #ifdef HAVE_STDINT_H
| # include <stdint.h>
| #endif
| #ifdef HAVE_UNISTD_H
| # include <unistd.h>
| #endif
| int
| main ()
| {
| if (sizeof ((ssize_t)))
| 	    return 0;
|   ;
|   return 0;
| }
configure:12299: result: yes
configure:12310: checking for uint16_t
configure:12310: gcc -c -g -O2  conftest.c >&5
configure:12310: $? = 0
configure:12310: result: yes
configure:12322: checking for uint64_t
configure:12322: gcc -c -g -O2  conftest.c >&5
configure:12322: $? = 0
configure:12322: result: yes
configure:12336: checking for uint8_t
configure:12336: gcc -c -g -O2  conftest.c >&5
configure:12336: $? = 0
configure:12336: result: yes
configure:12354: checking vfork.h usability
configure:12354: gcc -c -g -O2  conftest.c >&5
conftest.c:71:10: fatal error: vfork.h: No such file or directory
 #include <vfork.h>
          ^~~~~~~~~
compilation terminated.
configure:12354: $? = 1
configure: failed program was:
| /* confdefs.h */
| #define PACKAGE_NAME "wangyonglin"
| #define PACKAGE_TARNAME "wangyonglin"
| #define PACKAGE_VERSION "1.0"
| #define PACKAGE_STRING "wangyonglin 1.0"
| #define PACKAGE_BUGREPORT "admin@wangyonglin.com"
| #define PACKAGE_URL ""
| #define PACKAGE "wangyonglin"
| #define VERSION "1.0"
| #define STDC_HEADERS 1
| #define HAVE_SYS_TYPES_H 1
| #define HAVE_SYS_STAT_H 1
| #define HAVE_STDLIB_H 1
| #define HAVE_STRING_H 1
| #define HAVE_MEMORY_H 1
| #define HAVE_STRINGS_H 1
| #define HAVE_INTTYPES_H 1
| #define HAVE_STDINT_H 1
| #define HAVE_UNISTD_H 1
| #define HAVE_DLFCN_H 1
| #define LT_OBJDIR ".libs/"
| #define HAVE_ARPA_INET_H 1
| #define HAVE_FCNTL_H 1
| #define HAVE_FLOAT_H 1
| #define HAVE_LIMITS_H 1
| #define HAVE_NETDB_H 1
| #define HAVE_NETINET_IN_H 1
| #define HAVE_STDDEF_H 1
| #define HAVE_STDINT_H 1
| #define HAVE_STDLIB_H 1
| #define HAVE_STRING_H 1
| #define HAVE_SYS_IOCTL_H 1
| #define HAVE_SYS_SOCKET_H 1
| #define HAVE_SYS_TIME_H 1
| #define HAVE_UNISTD_H 1
| #define HAVE__BOOL 1
| /* end confdefs.h.  */
| #include <stdio.h>
| #ifdef HAVE_SYS_TYPES_H
| # include <sys/types.h>
| #endif
| #ifdef HAVE_SYS_STAT_H
| # include <sys/stat.h>
| #endif
| #ifdef STDC_HEADERS
| # include <stdlib.h>
| # include <stddef.h>
| #else
| # ifdef HAVE_STDLIB_H
| #  include <stdlib.h>
| # endif
| #endif
| #ifdef HAVE_STRING_H
| # if !defined STDC_HEADERS && defined HAVE_MEMORY_H
| #  include <memory.h>
| # endif
| # include <string.h>
| #endif
| #ifdef HAVE_STRINGS_H
| # include <strings.h>
| #endif
| #ifdef HAVE_INTTYPES_H
| # include <inttypes.h>
| #endif
| #ifdef HAVE_STDINT_H
| # include <stdint.h>
| #endif
| #ifdef HAVE_UNISTD_H
| # include <unistd.h>
| #endif
| #include <vfork.h>
configure:12354: result: no
configure:12354: checking vfork.h presence
configure:12354: gcc -E  conftest.c
conftest.c:38:10: fatal error: vfork.h: No such file or directory
 #include <vfork.h>
          ^~~~~~~~~
compilation terminated.
configure:12354: $? = 1
configure: failed program was:
| /* confdefs.h */
| #define PACKAGE_NAME "wangyonglin"
| #define PACKAGE_TARNAME "wangyonglin"
| #define PACKAGE_VERSION "1.0"
| #define PACKAGE_STRING "wangyonglin 1.0"
| #define PACKAGE_BUGREPORT "admin@wangyonglin.com"
| #define PACKAGE_URL ""
| #define PACKAGE "wangyonglin"
| #define VERSION "1.0"
| #define STDC_HEADERS 1
| #define HAVE_SYS_TYPES_H 1
| #define HAVE_SYS_STAT_H 1
| #define HAVE_STDLIB_H 1
| #define HAVE_STRING_H 1
| #define HAVE_MEMORY_H 1
| #define HAVE_STRINGS_H 1
| #define HAVE_INTTYPES_H 1
| #define HAVE_STDINT_H 1
| #define HAVE_UNISTD_H 1
| #define HAVE_DLFCN_H 1
| #define LT_OBJDIR ".libs/"
| #define HAVE_ARPA_INET_H 1
| #define HAVE_FCNTL_H 1
| #define HAVE_FLOAT_H 1
| #define HAVE_LIMITS_H 1
| #define HAVE_NETDB_H 1
| #define HAVE_NETINET_IN_H 1
| #define HAVE_STDDEF_H 1
| #define HAVE_STDINT_H 1
| #define HAVE_STDLIB_H 1
| #define HAVE_STRING_H 1
| #define HAVE_SYS_IOCTL_H 1
| #define HAVE_SYS_SOCKET_H 1
| #define HAVE_SYS_TIME_H 1
| #define HAVE_UNISTD_H 1
| #define HAVE__BOOL 1
| /* end confdefs.h.  */
| #include <vfork.h>
configure:12354: result: no
configure:12354: checking for vfork.h
configure:12354: result: no
configure:12367: checking for fork
configure:12367: gcc -o conftest -g -O2   conftest.c  >&5
conftest.c:61:6: warning: conflicting types for built-in function 'fork' [-Wbuiltin-declaration-mismatch]
 char fork ();
      ^~~~
configure:12367: $? = 0
configure:12367: result: yes
configure:12367: checking for vfork
configure:12367: gcc -o conftest -g -O2   conftest.c  >&5
configure:12367: $? = 0
configure:12367: result: yes
configure:12377: checking for working fork
configure:12399: gcc -o conftest -g -O2   conftest.c  >&5
configure:12399: $? = 0
configure:12399: ./conftest
configure:12399: $? = 0
configure:12409: result: yes
configure:12430: checking for working vfork
configure:12540: result: yes
configure:12567: checking for stdlib.h
configure:12567: result: yes
configure:12577: checking for GNU libc compatible malloc
configure:12601: gcc -o conftest -g -O2   conftest.c  >&5
configure:12601: $? = 0
configure:12601: ./conftest
configure:12601: $? = 0
configure:12611: result: yes
configure:12633: checking minix/config.h usability
configure:12633: gcc -c -g -O2  conftest.c >&5
conftest.c:77:10: fatal error: minix/config.h: No such file or directory
 #include <minix/config.h>
          ^~~~~~~~~~~~~~~~
compilation terminated.
configure:12633: $? = 1
configure: failed program was:
| /* confdefs.h */
| #define PACKAGE_NAME "wangyonglin"
| #define PACKAGE_TARNAME "wangyonglin"
| #define PACKAGE_VERSION "1.0"
| #define PACKAGE_STRING "wangyonglin 1.0"
| #define PACKAGE_BUGREPORT "admin@wangyonglin.com"
| #define PACKAGE_URL ""
| #define PACKAGE "wangyonglin"
| #define VERSION "1.0"
| #define STDC_HEADERS 1
| #define HAVE_SYS_TYPES_H 1
| #define HAVE_SYS_STAT_H 1
| #define HAVE_STDLIB_H 1
| #define HAVE_STRING_H 1
| #define HAVE_MEMORY_H 1
| #define HAVE_STRINGS_H 1
| #define HAVE_INTTYPES_H 1
| #define HAVE_STDINT_H 1
| #define HAVE_UNISTD_H 1
| #define HAVE_DLFCN_H 1
| #define LT_OBJDIR ".libs/"
| #define HAVE_ARPA_INET_H 1
| #define HAVE_FCNTL_H 1
| #define HAVE_FLOAT_H 1
| #define HAVE_LIMITS_H 1
| #define HAVE_NETDB_H 1
| #define HAVE_NETINET_IN_H 1
| #define HAVE_STDDEF_H 1
| #define HAVE_STDINT_H 1
| #define HAVE_STDLIB_H 1
| #define HAVE_STRING_H 1
| #define HAVE_SYS_IOCTL_H 1
| #define HAVE_SYS_SOCKET_H 1
| #define HAVE_SYS_TIME_H 1
| #define HAVE_UNISTD_H 1
| #define HAVE__BOOL 1
| #define HAVE_FORK 1
| #define HAVE_VFORK 1
| #define HAVE_WORKING_VFORK 1
| #define HAVE_WORKING_FORK 1
| #define HAVE_STDLIB_H 1
| #define HAVE_MALLOC 1
| /* end confdefs.h.  */
| #include <stdio.h>
| #ifdef HAVE_SYS_TYPES_H
| # include <sys/types.h>
| #endif
| #ifdef HAVE_SYS_STAT_H
| # include <sys/stat.h>
| #endif
| #ifdef STDC_HEADERS
| # include <stdlib.h>
| # include <stddef.h>
| #else
| # ifdef HAVE_STDLIB_H
| #  include <stdlib.h>
| # endif
| #endif
| #ifdef HAVE_STRING_H
| # if !defined STDC_HEADERS && defined HAVE_MEMORY_H
| #  include <memory.h>
| # endif
| # include <string.h>
| #endif
| #ifdef HAVE_STRINGS_H
| # include <strings.h>
| #endif
| #ifdef HAVE_INTTYPES_H
| # include <inttypes.h>
| #endif
| #ifdef HAVE_STDINT_H
| # include <stdint.h>
| #endif
| #ifdef HAVE_UNISTD_H
| # include <unistd.h>
| #endif
| #include <minix/config.h>
configure:12633: result: no
configure:12633: checking minix/config.h presence
configure:12633: gcc -E  conftest.c
conftest.c:44:10: fatal error: minix/config.h: No such file or directory
 #include <minix/config.h>
          ^~~~~~~~~~~~~~~~
compilation terminated.
configure:12633: $? = 1
configure: failed program was:
| /* confdefs.h */
| #define PACKAGE_NAME "wangyonglin"
| #define PACKAGE_TARNAME "wangyonglin"
| #define PACKAGE_VERSION "1.0"
| #define PACKAGE_STRING "wangyonglin 1.0"
| #define PACKAGE_BUGREPORT "admin@wangyonglin.com"
| #define PACKAGE_URL ""
| #define PACKAGE "wangyonglin"
| #define VERSION "1.0"
| #define STDC_HEADERS 1
| #define HAVE_SYS_TYPES_H 1
| #define HAVE_SYS_STAT_H 1
| #define HAVE_STDLIB_H 1
| #define HAVE_STRING_H 1
| #define HAVE_MEMORY_H 1
| #define HAVE_STRINGS_H 1
| #define HAVE_INTTYPES_H 1
| #define HAVE_STDINT_H 1
| #define HAVE_UNISTD_H 1
| #define HAVE_DLFCN_H 1
| #define LT_OBJDIR ".libs/"
| #define HAVE_ARPA_INET_H 1
| #define HAVE_FCNTL_H 1
| #define HAVE_FLOAT_H 1
| #define HAVE_LIMITS_H 1
| #define HAVE_NETDB_H 1
| #define HAVE_NETINET_IN_H 1
| #define HAVE_STDDEF_H 1
| #define HAVE_STDINT_H 1
| #define HAVE_STDLIB_H 1
| #define HAVE_STRING_H 1
| #define HAVE_SYS_IOCTL_H 1
| #define HAVE_SYS_SOCKET_H 1
| #define HAVE_SYS_TIME_H 1
| #define HAVE_UNISTD_H 1
| #define HAVE__BOOL 1
| #define HAVE_FORK 1
| #define HAVE_VFORK 1
| #define HAVE_WORKING_VFORK 1
| #define HAVE_WORKING_FORK 1
| #define HAVE_STDLIB_H 1
| #define HAVE_MALLOC 1
| /* end confdefs.h.  */
| #include <minix/config.h>
configure:12633: result: no
configure:12633: checking for minix/config.h
configure:12633: result: no
configure:12654: checking whether it is safe to define __EXTENSIONS__
configure:12672: gcc -c -g -O2  conftest.c >&5
configure:12672: $? = 0
configure:12679: result: yes
configure:12693: checking for working strnlen
configure:12731: gcc -o conftest -g -O2   conftest.c  >&5
configure:12731: $? = 0
configure:12731: ./conftest
configure:12731: $? = 0
configure:12741: result: yes
configure:12750: checking for working strtod
configure:12791: gcc -o conftest -g -O2   conftest.c  >&5
configure:12791: $? = 0
configure:12791: ./conftest
configure:12791: $? = 0
configure:12801: result: yes
configure:12866: checking for bzero
configure:12866: gcc -o conftest -g -O2   conftest.c  >&5
conftest.c:72:6: warning: conflicting types for built-in function 'bzero' [-Wbuiltin-declaration-mismatch]
 char bzero ();
      ^~~~~
configure:12866: $? = 0
configure:12866: result: yes
configure:12866: checking for dup2
configure:12866: gcc -o conftest -g -O2   conftest.c  >&5
configure:12866: $? = 0
configure:12866: result: yes
configure:12866: checking for floor
configure:12866: gcc -o conftest -g -O2   conftest.c  >&5
conftest.c:74:6: warning: conflicting types for built-in function 'floor' [-Wbuiltin-declaration-mismatch]
 char floor ();
      ^~~~~
/tmp/ccaOUYHZ.o: In function `main':
/home/wangyonglin/Github/wangyonglin/conftest.c:85: undefined reference to `floor'
collect2: error: ld returned 1 exit status
configure:12866: $? = 1
configure: failed program was:
| /* confdefs.h */
| #define PACKAGE_NAME "wangyonglin"
| #define PACKAGE_TARNAME "wangyonglin"
| #define PACKAGE_VERSION "1.0"
| #define PACKAGE_STRING "wangyonglin 1.0"
| #define PACKAGE_BUGREPORT "admin@wangyonglin.com"
| #define PACKAGE_URL ""
| #define PACKAGE "wangyonglin"
| #define VERSION "1.0"
| #define STDC_HEADERS 1
| #define HAVE_SYS_TYPES_H 1
| #define HAVE_SYS_STAT_H 1
| #define HAVE_STDLIB_H 1
| #define HAVE_STRING_H 1
| #define HAVE_MEMORY_H 1
| #define HAVE_STRINGS_H 1
| #define HAVE_INTTYPES_H 1
| #define HAVE_STDINT_H 1
| #define HAVE_UNISTD_H 1
| #define HAVE_DLFCN_H 1
| #define LT_OBJDIR ".libs/"
| #define HAVE_ARPA_INET_H 1
| #define HAVE_FCNTL_H 1
| #define HAVE_FLOAT_H 1
| #define HAVE_LIMITS_H 1
| #define HAVE_NETDB_H 1
| #define HAVE_NETINET_IN_H 1
| #define HAVE_STDDEF_H 1
| #define HAVE_STDINT_H 1
| #define HAVE_STDLIB_H 1
| #define HAVE_STRING_H 1
| #define HAVE_SYS_IOCTL_H 1
| #define HAVE_SYS_SOCKET_H 1
| #define HAVE_SYS_TIME_H 1
| #define HAVE_UNISTD_H 1
| #define HAVE__BOOL 1
| #define HAVE_FORK 1
| #define HAVE_VFORK 1
| #define HAVE_WORKING_VFORK 1
| #define HAVE_WORKING_FORK 1
| #define HAVE_STDLIB_H 1
| #define HAVE_MALLOC 1
| #define __EXTENSIONS__ 1
| #define _ALL_SOURCE 1
| #define _GNU_SOURCE 1
| #define _POSIX_PTHREAD_SEMANTICS 1
| #define _TANDEM_SOURCE 1
| #define HAVE_BZERO 1
| #define HAVE_DUP2 1
| /* end confdefs.h.  */
| /* Define floor to an innocuous variant, in case <limits.h> declares floor.
|    For example, HP-UX 11i <limits.h> declares gettimeofday.  */
| #define floor innocuous_floor
| 
| /* System header to define __stub macros and hopefully few prototypes,
|     which can conflict with char floor (); below.
|     Prefer <limits.h> to <assert.h> if __STDC__ is defined, since
|     <limits.h> exists even on freestanding compilers.  */
| 
| #ifdef __STDC__
| # include <limits.h>
| #else
| # include <assert.h>
| #endif
| 
| #undef floor
| 
| /* Override any GCC internal prototype to avoid an error.
|    Use char because int might match the return type of a GCC
|    builtin and then its argument prototype would still apply.  */
| #ifdef __cplusplus
| extern "C"
| #endif
| char floor ();
| /* The GNU C library defines this for functions which it implements
|     to always fail with ENOSYS.  Some functions are actually named
|     something starting with __ and the normal name is an alias.  */
| #if defined __stub_floor || defined __stub___floor
| choke me
| #endif
| 
| int
| main ()
| {
| return floor ();
|   ;
|   return 0;
| }
configure:12866: result: no
configure:12866: checking for gettimeofday
configure:12866: gcc -o conftest -g -O2   conftest.c  >&5
configure:12866: $? = 0
configure:12866: result: yes
configure:12866: checking for memset
configure:12866: gcc -o conftest -g -O2   conftest.c  >&5
conftest.c:75:6: warning: conflicting types for built-in function 'memset' [-Wbuiltin-declaration-mismatch]
 char memset ();
      ^~~~~~
configure:12866: $? = 0
configure:12866: result: yes
configure:12866: checking for pow
configure:12866: gcc -o conftest -g -O2   conftest.c  >&5
conftest.c:76:6: warning: conflicting types for built-in function 'pow' [-Wbuiltin-declaration-mismatch]
 char pow ();
      ^~~
/tmp/ccPmGKeu.o: In function `main':
/home/wangyonglin/Github/wangyonglin/conftest.c:87: undefined reference to `pow'
collect2: error: ld returned 1 exit status
configure:12866: $? = 1
configure: failed program was:
| /* confdefs.h */
| #define PACKAGE_NAME "wangyonglin"
| #define PACKAGE_TARNAME "wangyonglin"
| #define PACKAGE_VERSION "1.0"
| #define PACKAGE_STRING "wangyonglin 1.0"
| #define PACKAGE_BUGREPORT "admin@wangyonglin.com"
| #define PACKAGE_URL ""
| #define PACKAGE "wangyonglin"
| #define VERSION "1.0"
| #define STDC_HEADERS 1
| #define HAVE_SYS_TYPES_H 1
| #define HAVE_SYS_STAT_H 1
| #define HAVE_STDLIB_H 1
| #define HAVE_STRING_H 1
| #define HAVE_MEMORY_H 1
| #define HAVE_STRINGS_H 1
| #define HAVE_INTTYPES_H 1
| #define HAVE_STDINT_H 1
| #define HAVE_UNISTD_H 1
| #define HAVE_DLFCN_H 1
| #define LT_OBJDIR ".libs/"
| #define HAVE_ARPA_INET_H 1
| #define HAVE_FCNTL_H 1
| #define HAVE_FLOAT_H 1
| #define HAVE_LIMITS_H 1
| #define HAVE_NETDB_H 1
| #define HAVE_NETINET_IN_H 1
| #define HAVE_STDDEF_H 1
| #define HAVE_STDINT_H 1
| #define HAVE_STDLIB_H 1
| #define HAVE_STRING_H 1
| #define HAVE_SYS_IOCTL_H 1
| #define HAVE_SYS_SOCKET_H 1
| #define HAVE_SYS_TIME_H 1
| #define HAVE_UNISTD_H 1
| #define HAVE__BOOL 1
| #define HAVE_FORK 1
| #define HAVE_VFORK 1
| #define HAVE_WORKING_VFORK 1
| #define HAVE_WORKING_FORK 1
| #define HAVE_STDLIB_H 1
| #define HAVE_MALLOC 1
| #define __EXTENSIONS__ 1
| #define _ALL_SOURCE 1
| #define _GNU_SOURCE 1
| #define _POSIX_PTHREAD_SEMANTICS 1
| #define _TANDEM_SOURCE 1
| #define HAVE_BZERO 1
| #define HAVE_DUP2 1
| #define HAVE_GETTIMEOFDAY 1
| #define HAVE_MEMSET 1
| /* end confdefs.h.  */
| /* Define pow to an innocuous variant, in case <limits.h> declares pow.
|    For example, HP-UX 11i <limits.h> declares gettimeofday.  */
| #define pow innocuous_pow
| 
| /* System header to define __stub macros and hopefully few prototypes,
|     which can conflict with char pow (); below.
|     Prefer <limits.h> to <assert.h> if __STDC__ is defined, since
|     <limits.h> exists even on freestanding compilers.  */
| 
| #ifdef __STDC__
| # include <limits.h>
| #else
| # include <assert.h>
| #endif
| 
| #undef pow
| 
| /* Override any GCC internal prototype to avoid an error.
|    Use char because int might match the return type of a GCC
|    builtin and then its argument prototype would still apply.  */
| #ifdef __cplusplus
| extern "C"
| #endif
| char pow ();
| /* The GNU C library defines this for functions which it implements
|     to always fail with ENOSYS.  Some functions are actually named
|     something starting with __ and the normal name is an alias.  */
| #if defined __stub_pow || defined __stub___pow
| choke me
| #endif
| 
| int
| main ()
| {
| return pow ();
|   ;
|   return 0;
| }
configure:12866: result: no
configure:12866: checking for socket
configure:12866: gcc -o conftest -g -O2   conftest.c  >&5
configure:12866: $? = 0
configure:12866: result: yes
configure:12866: checking for strchr
configure:12866: gcc -o conftest -g -O2   conftest.c  >&5
conftest.c:77:6: warning: conflicting types for built-in function 'strchr' [-Wbuiltin-declaration-mismatch]
 char strchr ();
      ^~~~~~
configure:12866: $? = 0
configure:12866: result: yes
configure:12866: checking for strerror
configure:12866: gcc -o conftest -g -O2   conftest.c  >&5
configure:12866: $? = 0
configure:12866: result: yes
configure:12866: checking for strspn
configure:12866: gcc -o conftest -g -O2   conftest.c  >&5
conftest.c:79:6: warning: conflicting types for built-in function 'strspn' [-Wbuiltin-declaration-mismatch]
 char strspn ();
      ^~~~~~
configure:12866: $? = 0
configure:12866: result: yes
configure:12866: checking for strstr
configure:12866: gcc -o conftest -g -O2   conftest.c  >&5
conftest.c:80:6: warning: conflicting types for built-in function 'strstr' [-Wbuiltin-declaration-mismatch]
 char strstr ();
      ^~~~~~
configure:12866: $? = 0
configure:12866: result: yes
configure:12866: checking for strtol
configure:12866: gcc -o conftest -g -O2   conftest.c  >&5
configure:12866: $? = 0
configure:12866: result: yes
configure:12986: checking that generated files are newer than configure
configure:12992: result: done
configure:13015: creating ./config.status

## ---------------- ##
## Cache variables. ##
## ---------------- ##

ac_cv_build=x86_64-pc-linux-gnu
ac_cv_c_compiler_gnu=yes
ac_cv_c_inline=inline
ac_cv_c_int64_t=yes
ac_cv_c_uint16_t=yes
ac_cv_c_uint64_t=yes
ac_cv_c_uint8_t=yes
ac_cv_env_CC_set=
ac_cv_env_CC_value=
ac_cv_env_CFLAGS_set=
ac_cv_env_CFLAGS_value=
ac_cv_env_CPPFLAGS_set=
ac_cv_env_CPPFLAGS_value=
ac_cv_env_CPP_set=
ac_cv_env_CPP_value=
ac_cv_env_LDFLAGS_set=
ac_cv_env_LDFLAGS_value=
ac_cv_env_LIBS_set=
ac_cv_env_LIBS_value=
ac_cv_env_LT_SYS_LIBRARY_PATH_set=
ac_cv_env_LT_SYS_LIBRARY_PATH_value=
ac_cv_env_build_alias_set=
ac_cv_env_build_alias_value=
ac_cv_env_host_alias_set=
ac_cv_env_host_alias_value=
ac_cv_env_target_alias_set=
ac_cv_env_target_alias_value=
ac_cv_func_bzero=yes
ac_cv_func_dup2=yes
ac_cv_func_floor=no
ac_cv_func_fork=yes
ac_cv_func_fork_works=yes
ac_cv_func_gettimeofday=yes
ac_cv_func_malloc_0_nonnull=yes
ac_cv_func_memset=yes
ac_cv_func_pow=no
ac_cv_func_socket=yes
ac_cv_func_strchr=yes
ac_cv_func_strerror=yes
ac_cv_func_strnlen_working=yes
ac_cv_func_strspn=yes
ac_cv_func_strstr=yes
ac_cv_func_strtod=yes
ac_cv_func_strtol=yes
ac_cv_func_vfork=yes
ac_cv_func_vfork_works=yes
ac_cv_header_arpa_inet_h=yes
ac_cv_header_dlfcn_h=yes
ac_cv_header_fcntl_h=yes
ac_cv_header_float_h=yes
ac_cv_header_inttypes_h=yes
ac_cv_header_limits_h=yes
ac_cv_header_memory_h=yes
ac_cv_header_minix_config_h=no
ac_cv_header_netdb_h=yes
ac_cv_header_netinet_in_h=yes
ac_cv_header_stdbool_h=yes
ac_cv_header_stdc=yes
ac_cv_header_stddef_h=yes
ac_cv_header_stdint_h=yes
ac_cv_header_stdlib_h=yes
ac_cv_header_string_h=yes
ac_cv_header_strings_h=yes
ac_cv_header_sys_ioctl_h=yes
ac_cv_header_sys_socket_h=yes
ac_cv_header_sys_stat_h=yes
ac_cv_header_sys_time_h=yes
ac_cv_header_sys_types_h=yes
ac_cv_header_unistd_h=yes
ac_cv_header_vfork_h=no
ac_cv_host=x86_64-pc-linux-gnu
ac_cv_objext=o
ac_cv_path_EGREP='/usr/bin/grep -E'
ac_cv_path_FGREP='/usr/bin/grep -F'
ac_cv_path_GREP=/usr/bin/grep
ac_cv_path_SED=/usr/bin/sed
ac_cv_path_install='/usr/bin/install -c'
ac_cv_path_lt_DD=/usr/bin/dd
ac_cv_path_mkdir=/usr/bin/mkdir
ac_cv_prog_AWK=gawk
ac_cv_prog_CPP='gcc -E'
ac_cv_prog_ac_ct_AR=ar
ac_cv_prog_ac_ct_CC=gcc
ac_cv_prog_ac_ct_OBJDUMP=objdump
ac_cv_prog_ac_ct_RANLIB=ranlib
ac_cv_prog_ac_ct_STRIP=strip
ac_cv_prog_cc_c89=
ac_cv_prog_cc_g=yes
ac_cv_prog_make_make_set=yes
ac_cv_safe_to_define___extensions__=yes
ac_cv_type__Bool=yes
ac_cv_type_pid_t=yes
ac_cv_type_size_t=yes
ac_cv_type_ssize_t=yes
am_cv_CC_dependencies_compiler_type=gcc3
am_cv_make_support_nested_variables=yes
am_cv_prog_cc_c_o=yes
lt_cv_ar_at_file=@
lt_cv_archive_cmds_need_lc=no
lt_cv_deplibs_check_method=pass_all
lt_cv_file_magic_cmd='$MAGIC_CMD'
lt_cv_file_magic_test_file=
lt_cv_ld_reload_flag=-r
lt_cv_nm_interface='BSD nm'
lt_cv_objdir=.libs
lt_cv_path_LD=/usr/bin/ld
lt_cv_path_NM='/usr/bin/nm -B'
lt_cv_path_mainfest_tool=no
lt_cv_prog_compiler_c_o=yes
lt_cv_prog_compiler_pic='-fPIC -DPIC'
lt_cv_prog_compiler_pic_works=yes
lt_cv_prog_compiler_rtti_exceptions=no
lt_cv_prog_compiler_static_works=no
lt_cv_prog_gnu_ld=yes
lt_cv_sharedlib_from_linklib_cmd='printf %s\n'
lt_cv_shlibpath_overrides_runpath=no
lt_cv_sys_global_symbol_pipe='sed -n -e '\''s/^.*[	 ]\([ABCDGIRSTW][ABCDGIRSTW]*\)[	 ][	 ]*\([_A-Za-z][_A-Za-z0-9]*\)$/\1 \2 \2/p'\'' | sed '\''/ __gnu_lto/d'\'''
lt_cv_sys_global_symbol_to_c_name_address='sed -n -e '\''s/^: \(.*\) .*$/  {"\1", (void *) 0},/p'\'' -e '\''s/^[ABCDGIRSTW][ABCDGIRSTW]* .* \(.*\)$/  {"\1", (void *) \&\1},/p'\'''
lt_cv_sys_global_symbol_to_c_name_address_lib_prefix='sed -n -e '\''s/^: \(.*\) .*$/  {"\1", (void *) 0},/p'\'' -e '\''s/^[ABCDGIRSTW][ABCDGIRSTW]* .* \(lib.*\)$/  {"\1", (void *) \&\1},/p'\'' -e '\''s/^[ABCDGIRSTW][ABCDGIRSTW]* .* \(.*\)$/  {"lib\1", (void *) \&\1},/p'\'''
lt_cv_sys_global_symbol_to_cdecl='sed -n -e '\''s/^T .* \(.*\)$/extern int \1();/p'\'' -e '\''s/^[ABCDGIRSTW][ABCDGIRSTW]* .* \(.*\)$/extern char \1;/p'\'''
lt_cv_sys_global_symbol_to_import=
lt_cv_sys_max_cmd_len=1572864
lt_cv_to_host_file_cmd=func_convert_file_noop
lt_cv_to_tool_file_cmd=func_convert_file_noop
lt_cv_truncate_bin='/usr/bin/dd bs=4096 count=1'

## ----------------- ##
## Output variables. ##
## ----------------- ##

ACLOCAL='${SHELL} /home/wangyonglin/Github/wangyonglin/missing aclocal-1.16'
AMDEPBACKSLASH='\'
AMDEP_FALSE='#'
AMDEP_TRUE=''
AMTAR='$${TAR-tar}'
AM_BACKSLASH='\'
AM_DEFAULT_V='$(AM_DEFAULT_VERBOSITY)'
AM_DEFAULT_VERBOSITY='1'
AM_V='$(V)'
AR='ar'
AUTOCONF='${SHELL} /home/wangyonglin/Github/wangyonglin/missing autoconf'
AUTOHEADER='${SHELL} /home/wangyonglin/Github/wangyonglin/missing autoheader'
AUTOMAKE='${SHELL} /home/wangyonglin/Github/wangyonglin/missing automake-1.16'
AWK='gawk'
CC='gcc'
CCDEPMODE='depmode=gcc3'
CFLAGS='-g -O2'
CPP='gcc -E'
CPPFLAGS=''
CYGPATH_W='echo'
DEFS='-DHAVE_CONFIG_H'
DEPDIR='.deps'
DLLTOOL='false'
DSYMUTIL=''
DUMPBIN=''
ECHO_C=''
ECHO_N='-n'
ECHO_T=''
EGREP='/usr/bin/grep -E'
EXEEXT=''
FGREP='/usr/bin/grep -F'
GREP='/usr/bin/grep'
INSTALL_DATA='${INSTALL} -m 644'
INSTALL_PROGRAM='${INSTALL}'
INSTALL_SCRIPT='${INSTALL}'
INSTALL_STRIP_PROGRAM='$(install_sh) -c -s'
LD='/usr/bin/ld -m elf_x86_64'
LDFLAGS=''
LIBOBJS=''
LIBS=''
LIBTOOL='$(SHELL) $(top_builddir)/libtool'
LIPO=''
LN_S='ln -s'
LTLIBOBJS=''
LT_SYS_LIBRARY_PATH=''
MAKEINFO='${SHELL} /home/wangyonglin/Github/wangyonglin/missing makeinfo'
MANIFEST_TOOL=':'
MKDIR_P='/usr/bin/mkdir -p'
NM='/usr/bin/nm -B'
NMEDIT=''
OBJDUMP='objdump'
OBJEXT='o'
OTOOL64=''
OTOOL=''
PACKAGE='wangyonglin'
PACKAGE_BUGREPORT='admin@wangyonglin.com'
PACKAGE_NAME='wangyonglin'
PACKAGE_STRING='wangyonglin 1.0'
PACKAGE_TARNAME='wangyonglin'
PACKAGE_URL=''
PACKAGE_VERSION='1.0'
PATH_SEPARATOR=':'
POW_LIB=''
RANLIB='ranlib'
SED='/usr/bin/sed'
SET_MAKE=''
SHELL='/bin/sh'
STRIP='strip'
VERSION='1.0'
ac_ct_AR='ar'
ac_ct_CC='gcc'
ac_ct_DUMPBIN=''
am__EXEEXT_FALSE=''
am__EXEEXT_TRUE='#'
am__fastdepCC_FALSE='#'
am__fastdepCC_TRUE=''
am__include='include'
am__isrc=''
am__leading_dot='.'
am__nodep='_no'
am__quote=''
am__tar='$${TAR-tar} chof - "$$tardir"'
am__untar='$${TAR-tar} xf -'
bindir='${exec_prefix}/bin'
build='x86_64-pc-linux-gnu'
build_alias=''
build_cpu='x86_64'
build_os='linux-gnu'
build_vendor='pc'
datadir='${datarootdir}'
datarootdir='${prefix}/share'
docdir='${datarootdir}/doc/${PACKAGE_TARNAME}'
dvidir='${docdir}'
exec_prefix='${prefix}'
host='x86_64-pc-linux-gnu'
host_alias=''
host_cpu='x86_64'
host_os='linux-gnu'
host_vendor='pc'
htmldir='${docdir}'
includedir='${prefix}/include'
infodir='${datarootdir}/info'
install_sh='${SHELL} /home/wangyonglin/Github/wangyonglin/install-sh'
libdir='${exec_prefix}/lib'
libexecdir='${exec_prefix}/libexec'
localedir='${datarootdir}/locale'
localstatedir='${prefix}/var'
mandir='${datarootdir}/man'
mkdir_p='$(MKDIR_P)'
oldincludedir='/usr/include'
pdfdir='${docdir}'
prefix='/usr/local/wangyonglin'
program_transform_name='s,x,x,'
psdir='${docdir}'
sbindir='${exec_prefix}/sbin'
sharedstatedir='${prefix}/com'
sysconfdir='${prefix}/etc'
target_alias=''

## ----------- ##
## confdefs.h. ##
## ----------- ##

/* confdefs.h */
#define PACKAGE_NAME "wangyonglin"
#define PACKAGE_TARNAME "wangyonglin"
#define PACKAGE_VERSION "1.0"
#define PACKAGE_STRING "wangyonglin 1.0"
#define PACKAGE_BUGREPORT "admin@wangyonglin.com"
#define PACKAGE_URL ""
#define PACKAGE "wangyonglin"
#define VERSION "1.0"
#define STDC_HEADERS 1
#define HAVE_SYS_TYPES_H 1
#define HAVE_SYS_STAT_H 1
#define HAVE_STDLIB_H 1
#define HAVE_STRING_H 1
#define HAVE_MEMORY_H 1
#define HAVE_STRINGS_H 1
#define HAVE_INTTYPES_H 1
#define HAVE_STDINT_H 1
#define HAVE_UNISTD_H 1
#define HAVE_DLFCN_H 1
#define LT_OBJDIR ".libs/"
#define HAVE_ARPA_INET_H 1
#define HAVE_FCNTL_H 1
#define HAVE_FLOAT_H 1
#define HAVE_LIMITS_H 1
#define HAVE_NETDB_H 1
#define HAVE_NETINET_IN_H 1
#define HAVE_STDDEF_H 1
#define HAVE_STDINT_H 1
#define HAVE_STDLIB_H 1
#define HAVE_STRING_H 1
#define HAVE_SYS_IOCTL_H 1
#define HAVE_SYS_SOCKET_H 1
#define HAVE_SYS_TIME_H 1
#define HAVE_UNISTD_H 1
#define HAVE__BOOL 1
#define HAVE_FORK 1
#define HAVE_VFORK 1
#define HAVE_WORKING_VFORK 1
#define HAVE_WORKING_FORK 1
#define HAVE_STDLIB_H 1
#define HAVE_MALLOC 1
#define __EXTENSIONS__ 1
#define _ALL_SOURCE 1
#define _GNU_SOURCE 1
#define _POSIX_PTHREAD_SEMANTICS 1
#define _TANDEM_SOURCE 1
#define HAVE_BZERO 1
#define HAVE_DUP2 1
#define HAVE_GETTIMEOFDAY 1
#define HAVE_MEMSET 1
#define HAVE_SOCKET 1
#define HAVE_STRCHR 1
#define HAVE_STRERROR 1
#define HAVE_STRSPN 1
#define HAVE_STRSTR 1
#define HAVE_STRTOL 1

configure: exit 0

## ---------------------- ##
## Running config.status. ##
## ---------------------- ##

This file was extended by wangyonglin config.status 1.0, which was
generated by GNU Autoconf 2.69.  Invocation command line was

  CONFIG_FILES    = 
  CONFIG_HEADERS  = 
  CONFIG_LINKS    = 
  CONFIG_COMMANDS = 
  $ ./config.status 

on localhost.localdomain

config.status:1124: creating Makefile
config.status:1124: creating src/application/Makefile
config.status:1124: creating src/wangyonglin/Makefile
config.status:1124: creating src/mosquitto/Makefile
config.status:1124: creating src/https/Makefile
config.status:1124: creating config.h
config.status:1353: executing depfiles commands
config.status:1430: cd src/application       && sed -e '/# am--include-marker/d' Makefile         | make -f - am--depfiles
make[1]: Entering directory '/home/wangyonglin/Github/wangyonglin/src/application'
make[1]: Nothing to be done for 'am--depfiles'.
make[1]: Leaving directory '/home/wangyonglin/Github/wangyonglin/src/application'
config.status:1435: $? = 0
config.status:1430: cd src/wangyonglin       && sed -e '/# am--include-marker/d' Makefile         | make -f - am--depfiles
make[1]: Entering directory '/home/wangyonglin/Github/wangyonglin/src/wangyonglin'
make[1]: Nothing to be done for 'am--depfiles'.
make[1]: Leaving directory '/home/wangyonglin/Github/wangyonglin/src/wangyonglin'
config.status:1435: $? = 0
config.status:1430: cd src/mosquitto       && sed -e '/# am--include-marker/d' Makefile         | make -f - am--depfiles
make[1]: Entering directory '/home/wangyonglin/Github/wangyonglin/src/mosquitto'
make[1]: Nothing to be done for 'am--depfiles'.
make[1]: Leaving directory '/home/wangyonglin/Github/wangyonglin/src/mosquitto'
config.status:1435: $? = 0
config.status:1430: cd src/https       && sed -e '/# am--include-marker/d' Makefile         | make -f - am--depfiles
make[1]: Entering directory '/home/wangyonglin/Github/wangyonglin/src/https'
make[1]: Nothing to be done for 'am--depfiles'.
make[1]: Leaving directory '/home/wangyonglin/Github/wangyonglin/src/https'
config.status:1435: $? = 0
config.status:1353: executing libtool commands

## ---------------------- ##
## Running config.status. ##
## ---------------------- ##

This file was extended by wangyonglin config.status 1.0, which was
generated by GNU Autoconf 2.69.  Invocation command line was

  CONFIG_FILES    = 
  CONFIG_HEADERS  = 
  CONFIG_LINKS    = 
  CONFIG_COMMANDS = 
  $ ./config.status src/mosquitto/Makefile depfiles

on localhost.localdomain

config.status:1124: creating src/mosquitto/Makefile
config.status:1353: executing depfiles commands
config.status:1430: cd src/mosquitto       && sed -e '/# am--include-marker/d' Makefile         | make -f - am--depfiles
make[3]: Entering directory '/home/wangyonglin/Github/wangyonglin/src/mosquitto'
make[3]: Nothing to be done for 'am--depfiles'.
make[3]: Leaving directory '/home/wangyonglin/Github/wangyonglin/src/mosquitto'
config.status:1435: $? = 0

## ---------------------- ##
## Running config.status. ##
## ---------------------- ##

This file was extended by wangyonglin config.status 1.0, which was
generated by GNU Autoconf 2.69.  Invocation command line was

  CONFIG_FILES    = 
  CONFIG_HEADERS  = 
  CONFIG_LINKS    = 
  CONFIG_COMMANDS = 
  $ ./config.status Makefile

on localhost.localdomain

config.status:1124: creating Makefile

## ---------------------- ##
## Running config.status. ##
## ---------------------- ##

This file was extended by wangyonglin config.status 1.0, which was
generated by GNU Autoconf 2.69.  Invocation command line was

  CONFIG_FILES    = 
  CONFIG_HEADERS  = 
  CONFIG_LINKS    = 
  CONFIG_COMMANDS = 
  $ ./config.status Makefile

on localhost.localdomain

config.status:1124: creating Makefile

## ---------------------- ##
## Running config.status. ##
## ---------------------- ##

This file was extended by wangyonglin config.status 1.0, which was
generated by GNU Autoconf 2.69.  Invocation command line was

  CONFIG_FILES    = 
  CONFIG_HEADERS  = 
  CONFIG_LINKS    = 
  CONFIG_COMMANDS = 
  $ ./config.status Makefile

on localhost.localdomain

config.status:1124: creating Makefile

## ---------------------- ##
## Running config.status. ##
## ---------------------- ##

This file was extended by wangyonglin config.status 1.0, which was
generated by GNU Autoconf 2.69.  Invocation command line was

  CONFIG_FILES    = 
  CONFIG_HEADERS  = 
  CONFIG_LINKS    = 
  CONFIG_COMMANDS = 
  $ ./config.status Makefile

on localhost.localdomain

config.status:1124: creating Makefile

## ---------------------- ##
## Running config.status. ##
## ---------------------- ##

This file was extended by wangyonglin config.status 1.0, which was
generated by GNU Autoconf 2.69.  Invocation command line was

  CONFIG_FILES    = 
  CONFIG_HEADERS  = 
  CONFIG_LINKS    = 
  CONFIG_COMMANDS = 
  $ ./config.status Makefile

on localhost.localdomain

config.status:1124: creating Makefile

## ---------------------- ##
## Running config.status. ##
## ---------------------- ##

This file was extended by wangyonglin config.status 1.0, which was
generated by GNU Autoconf 2.69.  Invocation command line was

  CONFIG_FILES    = 
  CONFIG_HEADERS  = 
  CONFIG_LINKS    = 
  CONFIG_COMMANDS = 
  $ ./config.status Makefile

on localhost.localdomain

config.status:1124: creating Makefile

## ---------------------- ##
## Running config.status. ##
## ---------------------- ##

This file was extended by wangyonglin config.status 1.0, which was
generated by GNU Autoconf 2.69.  Invocation command line was

  CONFIG_FILES    = 
  CONFIG_HEADERS  = 
  CONFIG_LINKS    = 
  CONFIG_COMMANDS = 
  $ ./config.status Makefile

on localhost.localdomain

config.status:1124: creating Makefile

## ---------------------- ##
## Running config.status. ##
## ---------------------- ##

This file was extended by wangyonglin config.status 1.0, which was
generated by GNU Autoconf 2.69.  Invocation command line was

  CONFIG_FILES    = 
  CONFIG_HEADERS  = 
  CONFIG_LINKS    = 
  CONFIG_COMMANDS = 
  $ ./config.status Makefile

on localhost.localdomain

config.status:1124: creating Makefile
